# JRE version: OpenJDK Runtime Environment (8.0_131-b11) (build 1.8.0_131-8u131-b11-2ubuntu1.17.04.3-b11)
# Java VM: OpenJDK 64-Bit Server VM (25.131-b11 mixed mode linux-amd64 compressed oops)
Heap:
 PSYoungGen      total 9728K, used 376K [0x00000000f5c00000, 0x00000000f7b80000, 0x0000000100000000)
  eden space 8704K, 4% used [0x00000000f5c00000,0x00000000f5c5e048,0x00000000f6480000)
  from space 1024K, 0% used [0x00000000f6480000,0x00000000f6480000,0x00000000f6580000)
  to   space 11776K, 0% used [0x00000000f7000000,0x00000000f7000000,0x00000000f7b80000)
 ParOldGen       total 44544K, used 19102K [0x00000000e1400000, 0x00000000e3f80000, 0x00000000f5c00000)
  object space 44544K, 42% used [0x00000000e1400000,0x00000000e26a7928,0x00000000e3f80000)
 Metaspace       used 13884K, capacity 14158K, committed 14464K, reserved 1062912K
  class space    used 1534K, capacity 1625K, committed 1664K, reserved 1048576K
GC Heap History (10 events):
Event: 2,188 GC heap before
{Heap before GC invocations=2 (full 0):
 PSYoungGen      total 9728K, used 9728K [0x00000000f5c00000, 0x00000000f6680000, 0x0000000100000000)
  eden space 8704K, 100% used [0x00000000f5c00000,0x00000000f6480000,0x00000000f6480000)
  from space 1024K, 100% used [0x00000000f6480000,0x00000000f6580000,0x00000000f6580000)
  to   space 1024K, 0% used [0x00000000f6580000,0x00000000f6580000,0x00000000f6680000)
 ParOldGen       total 22016K, used 706K [0x00000000e1400000, 0x00000000e2980000, 0x00000000f5c00000)
  object space 22016K, 3% used [0x00000000e1400000,0x00000000e14b0bd0,0x00000000e2980000)
 Metaspace       used 13332K, capacity 13582K, committed 13952K, reserved 1060864K
  class space    used 1479K, capacity 1561K, committed 1664K, reserved 1048576K
Event: 2,195 GC heap after
Heap after GC invocations=2 (full 0):
 PSYoungGen      total 9728K, used 1010K [0x00000000f5c00000, 0x00000000f6680000, 0x0000000100000000)
  eden space 8704K, 0% used [0x00000000f5c00000,0x00000000f5c00000,0x00000000f6480000)
  from space 1024K, 98% used [0x00000000f6580000,0x00000000f667c820,0x00000000f6680000)
  to   space 1024K, 0% used [0x00000000f6480000,0x00000000f6480000,0x00000000f6580000)
 ParOldGen       total 22016K, used 2066K [0x00000000e1400000, 0x00000000e2980000, 0x00000000f5c00000)
  object space 22016K, 9% used [0x00000000e1400000,0x00000000e1604a78,0x00000000e2980000)
 Metaspace       used 13332K, capacity 13582K, committed 13952K, reserved 1060864K
  class space    used 1479K, capacity 1561K, committed 1664K, reserved 1048576K
}
Event: 8,244 GC heap before
{Heap before GC invocations=3 (full 0):
 PSYoungGen      total 9728K, used 9714K [0x00000000f5c00000, 0x00000000f6680000, 0x0000000100000000)
  eden space 8704K, 100% used [0x00000000f5c00000,0x00000000f6480000,0x00000000f6480000)
  from space 1024K, 98% used [0x00000000f6580000,0x00000000f667c820,0x00000000f6680000)
  to   space 1024K, 0% used [0x00000000f6480000,0x00000000f6480000,0x00000000f6580000)
 ParOldGen       total 22016K, used 2066K [0x00000000e1400000, 0x00000000e2980000, 0x00000000f5c00000)
  object space 22016K, 9% used [0x00000000e1400000,0x00000000e1604a78,0x00000000e2980000)
 Metaspace       used 13862K, capacity 14158K, committed 14464K, reserved 1062912K
  class space    used 1533K, capacity 1625K, committed 1664K, reserved 1048576K
Event: 8,251 GC heap after
Heap after GC invocations=3 (full 0):
 PSYoungGen      total 9728K, used 992K [0x00000000f5c00000, 0x00000000f6680000, 0x0000000100000000)
  eden space 8704K, 0% used [0x00000000f5c00000,0x00000000f5c00000,0x00000000f6480000)
  from space 1024K, 96% used [0x00000000f6480000,0x00000000f6578020,0x00000000f6580000)
  to   space 1024K, 0% used [0x00000000f6580000,0x00000000f6580000,0x00000000f6680000)
 ParOldGen       total 22016K, used 3715K [0x00000000e1400000, 0x00000000e2980000, 0x00000000f5c00000)
  object space 22016K, 16% used [0x00000000e1400000,0x00000000e17a0ed8,0x00000000e2980000)
 Metaspace       used 13862K, capacity 14158K, committed 14464K, reserved 1062912K
  class space    used 1533K, capacity 1625K, committed 1664K, reserved 1048576K
}
Event: 10,320 GC heap before
{Heap before GC invocations=4 (full 0):
 PSYoungGen      total 9728K, used 9695K [0x00000000f5c00000, 0x00000000f6680000, 0x0000000100000000)
  eden space 8704K, 99% used [0x00000000f5c00000,0x00000000f647fe50,0x00000000f6480000)
  from space 1024K, 96% used [0x00000000f6480000,0x00000000f6578020,0x00000000f6580000)
  to   space 1024K, 0% used [0x00000000f6580000,0x00000000f6580000,0x00000000f6680000)
 ParOldGen       total 22016K, used 3715K [0x00000000e1400000, 0x00000000e2980000, 0x00000000f5c00000)
  object space 22016K, 16% used [0x00000000e1400000,0x00000000e17a0ed8,0x00000000e2980000)
 Metaspace       used 13868K, capacity 14158K, committed 14464K, reserved 1062912K
  class space    used 1533K, capacity 1625K, committed 1664K, reserved 1048576K
Event: 10,345 GC heap after
Heap after GC invocations=4 (full 0):
 PSYoungGen      total 9728K, used 1010K [0x00000000f5c00000, 0x00000000f6680000, 0x0000000100000000)
  eden space 8704K, 0% used [0x00000000f5c00000,0x00000000f5c00000,0x00000000f6480000)
  from space 1024K, 98% used [0x00000000f6580000,0x00000000f667c820,0x00000000f6680000)
  to   space 1024K, 0% used [0x00000000f6480000,0x00000000f6480000,0x00000000f6580000)
 ParOldGen       total 22016K, used 12144K [0x00000000e1400000, 0x00000000e2980000, 0x00000000f5c00000)
  object space 22016K, 55% used [0x00000000e1400000,0x00000000e1fdc040,0x00000000e2980000)
 Metaspace       used 13868K, capacity 14158K, committed 14464K, reserved 1062912K
  class space    used 1533K, capacity 1625K, committed 1664K, reserved 1048576K
}
Event: 11,880 GC heap before
{Heap before GC invocations=5 (full 0):
 PSYoungGen      total 9728K, used 9714K [0x00000000f5c00000, 0x00000000f6680000, 0x0000000100000000)
  eden space 8704K, 100% used [0x00000000f5c00000,0x00000000f6480000,0x00000000f6480000)
  from space 1024K, 98% used [0x00000000f6580000,0x00000000f667c820,0x00000000f6680000)
  to   space 1024K, 0% used [0x00000000f6480000,0x00000000f6480000,0x00000000f6580000)
 ParOldGen       total 22016K, used 12144K [0x00000000e1400000, 0x00000000e2980000, 0x00000000f5c00000)
  object space 22016K, 55% used [0x00000000e1400000,0x00000000e1fdc040,0x00000000e2980000)
 Metaspace       used 13884K, capacity 14158K, committed 14464K, reserved 1062912K
  class space    used 1534K, capacity 1625K, committed 1664K, reserved 1048576K
Event: 11,907 GC heap after
Heap after GC invocations=5 (full 0):
 PSYoungGen      total 9728K, used 1024K [0x00000000f5c00000, 0x00000000f7b80000, 0x0000000100000000)
  eden space 8704K, 0% used [0x00000000f5c00000,0x00000000f5c00000,0x00000000f6480000)
  from space 1024K, 100% used [0x00000000f6480000,0x00000000f6580000,0x00000000f6580000)
  to   space 11776K, 0% used [0x00000000f7000000,0x00000000f7000000,0x00000000f7b80000)
 ParOldGen       total 22016K, used 20744K [0x00000000e1400000, 0x00000000e2980000, 0x00000000f5c00000)
  object space 22016K, 94% used [0x00000000e1400000,0x00000000e2842270,0x00000000e2980000)
 Metaspace       used 13884K, capacity 14158K, committed 14464K, reserved 1062912K
  class space    used 1534K, capacity 1625K, committed 1664K, reserved 1048576K
}
Event: 11,907 GC heap before
{Heap before GC invocations=6 (full 1):
 PSYoungGen      total 9728K, used 1024K [0x00000000f5c00000, 0x00000000f7b80000, 0x0000000100000000)
  eden space 8704K, 0% used [0x00000000f5c00000,0x00000000f5c00000,0x00000000f6480000)
  from space 1024K, 100% used [0x00000000f6480000,0x00000000f6580000,0x00000000f6580000)
  to   space 11776K, 0% used [0x00000000f7000000,0x00000000f7000000,0x00000000f7b80000)
 ParOldGen       total 22016K, used 20744K [0x00000000e1400000, 0x00000000e2980000, 0x00000000f5c00000)
  object space 22016K, 94% used [0x00000000e1400000,0x00000000e2842270,0x00000000e2980000)
 Metaspace       used 13884K, capacity 14158K, committed 14464K, reserved 1062912K
  class space    used 1534K, capacity 1625K, committed 1664K, reserved 1048576K
Event: 12,108 GC heap after
Heap after GC invocations=6 (full 1):
 PSYoungGen      total 9728K, used 0K [0x00000000f5c00000, 0x00000000f7b80000, 0x0000000100000000)
  eden space 8704K, 0% used [0x00000000f5c00000,0x00000000f5c00000,0x00000000f6480000)
  from space 1024K, 0% used [0x00000000f6480000,0x00000000f6480000,0x00000000f6580000)
  to   space 11776K, 0% used [0x00000000f7000000,0x00000000f7000000,0x00000000f7b80000)
 ParOldGen       total 44544K, used 19102K [0x00000000e1400000, 0x00000000e3f80000, 0x00000000f5c00000)
  object space 44544K, 42% used [0x00000000e1400000,0x00000000e26a7928,0x00000000e3f80000)
 Metaspace       used 13884K, capacity 14158K, committed 14464K, reserved 1062912K
  class space    used 1534K, capacity 1625K, committed 1664K, reserved 1048576K
}

