# JRE version: OpenJDK Runtime Environment (8.0_131-b11) (build 1.8.0_131-8u131-b11-2ubuntu1.17.04.3-b11)
# Java VM: OpenJDK 64-Bit Server VM (25.131-b11 mixed mode linux-amd64 compressed oops)
Heap:
 PSYoungGen      total 26624K, used 16665K [0x00000000f5c00000, 0x00000000f8000000, 0x0000000100000000)
  eden space 25600K, 65% used [0x00000000f5c00000,0x00000000f6c46620,0x00000000f7500000)
  from space 1024K, 0% used [0x00000000f7f00000,0x00000000f7f00000,0x00000000f8000000)
  to   space 1024K, 0% used [0x00000000f7e00000,0x00000000f7e00000,0x00000000f7f00000)
 ParOldGen       total 56832K, used 18293K [0x00000000e1400000, 0x00000000e4b80000, 0x00000000f5c00000)
  object space 56832K, 32% used [0x00000000e1400000,0x00000000e25dd698,0x00000000e4b80000)
 Metaspace       used 14051K, capacity 14290K, committed 14464K, reserved 1062912K
  class space    used 1548K, capacity 1625K, committed 1664K, reserved 1048576K
GC Heap History (10 events):
Event: 2.212 GC heap before
{Heap before GC invocations=2 (full 0):
 PSYoungGen      total 9728K, used 9696K [0x00000000f5c00000, 0x00000000f6f00000, 0x0000000100000000)
  eden space 8704K, 100% used [0x00000000f5c00000,0x00000000f6480000,0x00000000f6480000)
  from space 1024K, 96% used [0x00000000f6480000,0x00000000f6578020,0x00000000f6580000)
  to   space 1024K, 0% used [0x00000000f6e00000,0x00000000f6e00000,0x00000000f6f00000)
 ParOldGen       total 22016K, used 738K [0x00000000e1400000, 0x00000000e2980000, 0x00000000f5c00000)
  object space 22016K, 3% used [0x00000000e1400000,0x00000000e14b8910,0x00000000e2980000)
 Metaspace       used 12631K, capacity 12942K, committed 13056K, reserved 1060864K
  class space    used 1396K, capacity 1497K, committed 1536K, reserved 1048576K
Event: 2.241 GC heap after
Heap after GC invocations=2 (full 0):
 PSYoungGen      total 18432K, used 1010K [0x00000000f5c00000, 0x00000000f6f00000, 0x0000000100000000)
  eden space 17408K, 0% used [0x00000000f5c00000,0x00000000f5c00000,0x00000000f6d00000)
  from space 1024K, 98% used [0x00000000f6e00000,0x00000000f6efc820,0x00000000f6f00000)
  to   space 1024K, 0% used [0x00000000f6d00000,0x00000000f6d00000,0x00000000f6e00000)
 ParOldGen       total 22016K, used 1949K [0x00000000e1400000, 0x00000000e2980000, 0x00000000f5c00000)
  object space 22016K, 8% used [0x00000000e1400000,0x00000000e15e7658,0x00000000e2980000)
 Metaspace       used 12631K, capacity 12942K, committed 13056K, reserved 1060864K
  class space    used 1396K, capacity 1497K, committed 1536K, reserved 1048576K
}
Event: 13.519 GC heap before
{Heap before GC invocations=3 (full 0):
 PSYoungGen      total 18432K, used 18418K [0x00000000f5c00000, 0x00000000f6f00000, 0x0000000100000000)
  eden space 17408K, 100% used [0x00000000f5c00000,0x00000000f6d00000,0x00000000f6d00000)
  from space 1024K, 98% used [0x00000000f6e00000,0x00000000f6efc820,0x00000000f6f00000)
  to   space 1024K, 0% used [0x00000000f6d00000,0x00000000f6d00000,0x00000000f6e00000)
 ParOldGen       total 22016K, used 1949K [0x00000000e1400000, 0x00000000e2980000, 0x00000000f5c00000)
  object space 22016K, 8% used [0x00000000e1400000,0x00000000e15e7658,0x00000000e2980000)
 Metaspace       used 13859K, capacity 14158K, committed 14464K, reserved 1062912K
  class space    used 1536K, capacity 1625K, committed 1664K, reserved 1048576K
Event: 13.555 GC heap after
Heap after GC invocations=3 (full 0):
 PSYoungGen      total 18432K, used 1024K [0x00000000f5c00000, 0x00000000f8000000, 0x0000000100000000)
  eden space 17408K, 0% used [0x00000000f5c00000,0x00000000f5c00000,0x00000000f6d00000)
  from space 1024K, 100% used [0x00000000f6d00000,0x00000000f6e00000,0x00000000f6e00000)
  to   space 1024K, 0% used [0x00000000f7f00000,0x00000000f7f00000,0x00000000f8000000)
 ParOldGen       total 22016K, used 12130K [0x00000000e1400000, 0x00000000e2980000, 0x00000000f5c00000)
  object space 22016K, 55% used [0x00000000e1400000,0x00000000e1fd8898,0x00000000e2980000)
 Metaspace       used 13859K, capacity 14158K, committed 14464K, reserved 1062912K
  class space    used 1536K, capacity 1625K, committed 1664K, reserved 1048576K
}
Event: 13.555 GC heap before
{Heap before GC invocations=4 (full 1):
 PSYoungGen      total 18432K, used 1024K [0x00000000f5c00000, 0x00000000f8000000, 0x0000000100000000)
  eden space 17408K, 0% used [0x00000000f5c00000,0x00000000f5c00000,0x00000000f6d00000)
  from space 1024K, 100% used [0x00000000f6d00000,0x00000000f6e00000,0x00000000f6e00000)
  to   space 1024K, 0% used [0x00000000f7f00000,0x00000000f7f00000,0x00000000f8000000)
 ParOldGen       total 22016K, used 12130K [0x00000000e1400000, 0x00000000e2980000, 0x00000000f5c00000)
  object space 22016K, 55% used [0x00000000e1400000,0x00000000e1fd8898,0x00000000e2980000)
 Metaspace       used 13859K, capacity 14158K, committed 14464K, reserved 1062912K
  class space    used 1536K, capacity 1625K, committed 1664K, reserved 1048576K
Event: 13.750 GC heap after
Heap after GC invocations=4 (full 1):
 PSYoungGen      total 18432K, used 0K [0x00000000f5c00000, 0x00000000f8000000, 0x0000000100000000)
  eden space 17408K, 0% used [0x00000000f5c00000,0x00000000f5c00000,0x00000000f6d00000)
  from space 1024K, 0% used [0x00000000f6d00000,0x00000000f6d00000,0x00000000f6e00000)
  to   space 1024K, 0% used [0x00000000f7f00000,0x00000000f7f00000,0x00000000f8000000)
 ParOldGen       total 36352K, used 12287K [0x00000000e1400000, 0x00000000e3780000, 0x00000000f5c00000)
  object space 36352K, 33% used [0x00000000e1400000,0x00000000e1fffe80,0x00000000e3780000)
 Metaspace       used 13859K, capacity 14158K, committed 14464K, reserved 1062912K
  class space    used 1536K, capacity 1625K, committed 1664K, reserved 1048576K
}
Event: 31.965 GC heap before
{Heap before GC invocations=5 (full 1):
 PSYoungGen      total 18432K, used 17408K [0x00000000f5c00000, 0x00000000f8000000, 0x0000000100000000)
  eden space 17408K, 100% used [0x00000000f5c00000,0x00000000f6d00000,0x00000000f6d00000)
  from space 1024K, 0% used [0x00000000f6d00000,0x00000000f6d00000,0x00000000f6e00000)
  to   space 1024K, 0% used [0x00000000f7f00000,0x00000000f7f00000,0x00000000f8000000)
 ParOldGen       total 36352K, used 12287K [0x00000000e1400000, 0x00000000e3780000, 0x00000000f5c00000)
  object space 36352K, 33% used [0x00000000e1400000,0x00000000e1fffe80,0x00000000e3780000)
 Metaspace       used 13997K, capacity 14222K, committed 14464K, reserved 1062912K
  class space    used 1548K, capacity 1625K, committed 1664K, reserved 1048576K
Event: 32.006 GC heap after
Heap after GC invocations=5 (full 1):
 PSYoungGen      total 26624K, used 1020K [0x00000000f5c00000, 0x00000000f8000000, 0x0000000100000000)
  eden space 25600K, 0% used [0x00000000f5c00000,0x00000000f5c00000,0x00000000f7500000)
  from space 1024K, 99% used [0x00000000f7f00000,0x00000000f7fff118,0x00000000f8000000)
  to   space 1024K, 0% used [0x00000000f7e00000,0x00000000f7e00000,0x00000000f7f00000)
 ParOldGen       total 36352K, used 26569K [0x00000000e1400000, 0x00000000e3780000, 0x00000000f5c00000)
  object space 36352K, 73% used [0x00000000e1400000,0x00000000e2df25c0,0x00000000e3780000)
 Metaspace       used 13997K, capacity 14222K, committed 14464K, reserved 1062912K
  class space    used 1548K, capacity 1625K, committed 1664K, reserved 1048576K
}
Event: 32.006 GC heap before
{Heap before GC invocations=6 (full 2):
 PSYoungGen      total 26624K, used 1020K [0x00000000f5c00000, 0x00000000f8000000, 0x0000000100000000)
  eden space 25600K, 0% used [0x00000000f5c00000,0x00000000f5c00000,0x00000000f7500000)
  from space 1024K, 99% used [0x00000000f7f00000,0x00000000f7fff118,0x00000000f8000000)
  to   space 1024K, 0% used [0x00000000f7e00000,0x00000000f7e00000,0x00000000f7f00000)
 ParOldGen       total 36352K, used 26569K [0x00000000e1400000, 0x00000000e3780000, 0x00000000f5c00000)
  object space 36352K, 73% used [0x00000000e1400000,0x00000000e2df25c0,0x00000000e3780000)
 Metaspace       used 13997K, capacity 14222K, committed 14464K, reserved 1062912K
  class space    used 1548K, capacity 1625K, committed 1664K, reserved 1048576K
Event: 32.245 GC heap after
Heap after GC invocations=6 (full 2):
 PSYoungGen      total 26624K, used 0K [0x00000000f5c00000, 0x00000000f8000000, 0x0000000100000000)
  eden space 25600K, 0% used [0x00000000f5c00000,0x00000000f5c00000,0x00000000f7500000)
  from space 1024K, 0% used [0x00000000f7f00000,0x00000000f7f00000,0x00000000f8000000)
  to   space 1024K, 0% used [0x00000000f7e00000,0x00000000f7e00000,0x00000000f7f00000)
 ParOldGen       total 56832K, used 18293K [0x00000000e1400000, 0x00000000e4b80000, 0x00000000f5c00000)
  object space 56832K, 32% used [0x00000000e1400000,0x00000000e25dd698,0x00000000e4b80000)
 Metaspace       used 13997K, capacity 14222K, committed 14464K, reserved 1062912K
  class space    used 1548K, capacity 1625K, committed 1664K, reserved 1048576K
}

